[12:48:42] [ServerMain/WARN]: Invalid registry value type detected for PerfOS counters. Should be REG_DWORD. Ignoring: HKEY_LOCAL_MACHINE\SYSTEM\CurrentControlSet\Services\PerfOS\Performance\Disable Performance Counters.
[12:48:48] [ServerMain/INFO]: Environment: Environment[sessionHost=https://sessionserver.mojang.com, servicesHost=https://api.minecraftservices.com, name=PROD]
[12:48:50] [ServerMain/INFO]: Loaded 1175 recipes
[12:48:50] [ServerMain/INFO]: Loaded 1276 advancements
[12:48:50] [Server thread/INFO]: Starting minecraft server version 1.20.6
[12:48:50] [Server thread/INFO]: Loading properties
[12:48:50] [Server thread/INFO]: Default game type: SURVIVAL
[12:48:50] [Server thread/INFO]: Generating keypair
[12:48:51] [Server thread/INFO]: Starting Minecraft server on *:25565
[12:48:51] [Server thread/INFO]: Using default channel type
[12:48:51] [Server thread/WARN]: **** SERVER IS RUNNING IN OFFLINE/INSECURE MODE!
[12:48:51] [Server thread/WARN]: The server will make no attempt to authenticate usernames. Beware.
[12:48:51] [Server thread/WARN]: While this makes the game possible to play without internet access, it also opens up the ability for hackers to connect with any username they choose.
[12:48:51] [Server thread/WARN]: To change this, set "online-mode" to "true" in the server.properties file.
[12:48:51] [Server thread/INFO]: Preparing level "world"
[12:48:52] [Server thread/INFO]: Preparing start region for dimension minecraft:overworld
[12:48:53] [Worker-Main-3/INFO]: Preparing spawn area: 0%
[12:48:53] [Worker-Main-4/INFO]: Preparing spawn area: 0%
[12:48:53] [Worker-Main-1/INFO]: Preparing spawn area: 0%
[12:48:54] [Worker-Main-5/INFO]: Preparing spawn area: 2%
[12:48:54] [Server thread/INFO]: Time elapsed: 1586 ms
[12:48:54] [Server thread/INFO]: Done (2.913s)! For help, type "help"
[13:06:39] [Server thread/INFO]: chaninho15[/26.45.2.174:53432] logged in with entity id 2 at (-274.16754320280046, 74.0, -56.727825489391165)
[13:06:39] [Server thread/INFO]: chaninho15 joined the game
[13:19:08] [Server thread/INFO]: chaninho15 lost connection: Disconnected
[13:19:08] [Server thread/INFO]: chaninho15 left the game
